/home/x/xty20/venv/lib/python3.8/site-packages/pytorch_lightning/utilities/seed.py:48: LightningDeprecationWarning: `pytorch_lightning.utilities.seed.seed_everything` has been deprecated in v1.8.0 and will be removed in v2.0.0. Please use `lightning_fabric.utilities.seed.seed_everything` instead.
  rank_zero_deprecation(
[rank: 0] Global seed set to 0
[rank: 0] Global seed set to 2
[nltk_data] Downloading package wordnet to /home/x/xty20/nltk_data...
[nltk_data]   Package wordnet is already up-to-date!
[nltk_data] Downloading package omw-1.4 to /home/x/xty20/nltk_data...
[nltk_data]   Package omw-1.4 is already up-to-date!
[nltk_data] Downloading package stopwords to
[nltk_data]     /home/x/xty20/nltk_data...
[nltk_data]   Package stopwords is already up-to-date!
[nltk_data] Downloading package wordnet to /home/x/xty20/nltk_data...
[nltk_data]   Package wordnet is already up-to-date!
[nltk_data] Downloading package omw-1.4 to /home/x/xty20/nltk_data...
[nltk_data]   Package omw-1.4 is already up-to-date!
[nltk_data] Downloading package stopwords to
[nltk_data]     /home/x/xty20/nltk_data...
[nltk_data]   Package stopwords is already up-to-date!
GPU available: True (cuda), used: True
TPU available: False, using: 0 TPU cores
IPU available: False, using: 0 IPUs
HPU available: False, using: 0 HPUs
Traceback (most recent call last):
  File "/home/x/xty20/project/main3.py", line 30, in <module>
    better_text_classify()
  File "/gpfs/home/x/xty20/project/src/models/train_model.py", line 261, in better_text_classify
    steps_per_epoch = int(len(data.train_dataloader())),
  File "/gpfs/home/x/xty20/project/src/data/agnews_data.py", line 69, in train_dataloader
    return DataLoader(self.split_and_pad_data(self.split_train, augment = True), batch_size=self.batch_size, shuffle = True)
  File "/gpfs/home/x/xty20/project/src/data/agnews_data.py", line 43, in split_and_pad_data
    input_lines = augmentor.augment_dataset(input_lines, has_label = False)
  File "/gpfs/home/x/xty20/project/src/models/data_augmentors.py", line 305, in augment_dataset
    augmented_sentences = [self.delete_randomly(sentence) for sentence in list(data_iter)]
  File "/gpfs/home/x/xty20/project/src/models/data_augmentors.py", line 305, in <listcomp>
    augmented_sentences = [self.delete_randomly(sentence) for sentence in list(data_iter)]
AttributeError: 'CutOut' object has no attribute 'delete_randomly'
