/home/x/xty20/venv/lib/python3.8/site-packages/pytorch_lightning/utilities/seed.py:48: LightningDeprecationWarning: `pytorch_lightning.utilities.seed.seed_everything` has been deprecated in v1.8.0 and will be removed in v2.0.0. Please use `lightning_fabric.utilities.seed.seed_everything` instead.
  rank_zero_deprecation(
[rank: 0] Global seed set to 0
usage: main3.py [-h] [--seed SEED] [--learning_rate LEARNING_RATE]
                [--task TASK] [--augmentors AUGMENTORS]
                [--augmentation_params AUGMENTATION_PARAMS]
                [--dataset_percentage DATASET_PERCENTAGE]
                [--N_samples N_SAMPLES] [--N_valid_size N_VALID_SIZE]
                [--batch_size BATCH_SIZE] [--embed_size EMBED_SIZE]
                [--hidden_size HIDDEN_SIZE] [--dropout DROPOUT]
                [--deterministic DETERMINISTIC] [--logger [LOGGER]]
                [--enable_checkpointing [ENABLE_CHECKPOINTING]]
                [--default_root_dir DEFAULT_ROOT_DIR]
                [--gradient_clip_val GRADIENT_CLIP_VAL]
                [--gradient_clip_algorithm GRADIENT_CLIP_ALGORITHM]
                [--num_nodes NUM_NODES] [--num_processes NUM_PROCESSES]
                [--devices DEVICES] [--gpus GPUS]
                [--auto_select_gpus [AUTO_SELECT_GPUS]]
                [--tpu_cores TPU_CORES] [--ipus IPUS]
                [--enable_progress_bar [ENABLE_PROGRESS_BAR]]
                [--overfit_batches OVERFIT_BATCHES]
                [--track_grad_norm TRACK_GRAD_NORM]
                [--check_val_every_n_epoch CHECK_VAL_EVERY_N_EPOCH]
                [--fast_dev_run [FAST_DEV_RUN]]
                [--accumulate_grad_batches ACCUMULATE_GRAD_BATCHES]
                [--max_epochs MAX_EPOCHS] [--min_epochs MIN_EPOCHS]
                [--max_steps MAX_STEPS] [--min_steps MIN_STEPS]
                [--max_time MAX_TIME]
                [--limit_train_batches LIMIT_TRAIN_BATCHES]
                [--limit_val_batches LIMIT_VAL_BATCHES]
                [--limit_test_batches LIMIT_TEST_BATCHES]
                [--limit_predict_batches LIMIT_PREDICT_BATCHES]
                [--val_check_interval VAL_CHECK_INTERVAL]
                [--log_every_n_steps LOG_EVERY_N_STEPS]
                [--accelerator ACCELERATOR] [--strategy STRATEGY]
                [--sync_batchnorm [SYNC_BATCHNORM]] [--precision PRECISION]
                [--enable_model_summary [ENABLE_MODEL_SUMMARY]]
                [--num_sanity_val_steps NUM_SANITY_VAL_STEPS]
                [--resume_from_checkpoint RESUME_FROM_CHECKPOINT]
                [--profiler PROFILER] [--benchmark [BENCHMARK]]
                [--reload_dataloaders_every_n_epochs RELOAD_DATALOADERS_EVERY_N_EPOCHS]
                [--auto_lr_find [AUTO_LR_FIND]]
                [--replace_sampler_ddp [REPLACE_SAMPLER_DDP]]
                [--detect_anomaly [DETECT_ANOMALY]]
                [--auto_scale_batch_size [AUTO_SCALE_BATCH_SIZE]]
                [--plugins PLUGINS] [--amp_backend AMP_BACKEND]
                [--amp_level AMP_LEVEL]
                [--move_metrics_to_cpu [MOVE_METRICS_TO_CPU]]
                [--multiple_trainloader_mode MULTIPLE_TRAINLOADER_MODE]
                [--inference_mode [INFERENCE_MODE]]
main3.py: error: unrecognized arguments: 1 1
